2015-08-31 22:42:48,133 [Worker-23] INFO  o.e.m.c.i.l.LifecycleMappingFactory - Using org.maven.ide.eclipse.wtp.WarLifecycleMapping lifecycle mapping for MavenProject: com.taotao:taotao-search:0.0.1-SNAPSHOT @ D:\workspaces-itcast\template\taotao-search\pom.xml.
2015-08-31 22:42:50,204 [Worker-23] INFO  o.e.m.j.i.AbstractJavaProjectConfigurator - Adding source folder /taotao-search/src/main/java
2015-08-31 22:42:50,204 [Worker-23] INFO  o.e.m.j.i.AbstractJavaProjectConfigurator - Resources folder /taotao-search/src/main/java overlaps with sources folder /taotao-search/src/main/java
2015-08-31 22:42:50,205 [Worker-23] INFO  o.e.m.j.i.AbstractJavaProjectConfigurator - Adding resource folder /taotao-search/src/main/resources
2015-08-31 22:42:50,206 [Worker-23] INFO  o.e.m.j.i.AbstractJavaProjectConfigurator - Adding source folder /taotao-search/src/test/java
2015-08-31 22:42:50,206 [Worker-23] INFO  o.e.m.j.i.AbstractJavaProjectConfigurator - Adding resource folder /taotao-search/src/test/resources
2015-08-31 22:42:51,444 [Worker-23] INFO  o.e.m.c.i.p.ProjectConfigurationManager - Imported and configured 1 project(s) in 4 sec
2015-08-31 22:42:52,227 [Worker-28] INFO  o.e.m.c.i.embedder.EclipseLogger - Using 'UTF-8' encoding to copy filtered resources.
2015-08-31 22:42:52,232 [Worker-28] INFO  o.e.m.c.i.embedder.EclipseLogger - Copying 1 resource
2015-08-31 22:42:52,242 [Worker-28] INFO  o.e.m.c.i.embedder.EclipseLogger - Copying 8 resources
2015-08-31 22:42:52,250 [Worker-28] INFO  o.e.m.c.i.embedder.EclipseLogger - Using 'UTF-8' encoding to copy filtered resources.
2015-08-31 22:42:52,250 [Worker-28] INFO  o.e.m.c.i.embedder.EclipseLogger - Copying 0 resource
2015-08-31 22:51:24,376 [Worker-29] INFO  o.e.m.c.i.embedder.EclipseLogger - Using 'UTF-8' encoding to copy filtered resources.
2015-08-31 22:51:24,377 [Worker-29] INFO  o.e.m.c.i.embedder.EclipseLogger - Copying 0 resource
2015-08-31 22:51:24,378 [Worker-29] INFO  o.e.m.c.i.embedder.EclipseLogger - Copying 1 resource
2015-08-31 22:51:24,380 [Worker-29] INFO  o.e.m.c.i.embedder.EclipseLogger - Using 'UTF-8' encoding to copy filtered resources.
2015-08-31 22:51:24,380 [Worker-29] INFO  o.e.m.c.i.embedder.EclipseLogger - Copying 0 resource
2015-08-31 22:51:50,851 [Worker-4] INFO  o.e.m.c.i.embedder.EclipseLogger - Using 'UTF-8' encoding to copy filtered resources.
2015-08-31 22:51:50,858 [Worker-4] INFO  o.e.m.c.i.embedder.EclipseLogger - Copying 1 resource
2015-08-31 22:51:50,864 [Worker-4] INFO  o.e.m.c.i.embedder.EclipseLogger - Copying 8 resources
2015-08-31 22:51:50,867 [Worker-4] INFO  o.e.m.c.i.embedder.EclipseLogger - Using 'UTF-8' encoding to copy filtered resources.
2015-08-31 22:51:50,867 [Worker-4] INFO  o.e.m.c.i.embedder.EclipseLogger - Copying 0 resource
2015-08-31 22:51:56,256 [Worker-10] INFO  o.e.m.c.i.embedder.EclipseLogger - Using 'UTF-8' encoding to copy filtered resources.
2015-08-31 22:51:56,258 [Worker-10] INFO  o.e.m.c.i.embedder.EclipseLogger - Copying 0 resource
2015-08-31 22:51:56,260 [Worker-10] INFO  o.e.m.c.i.embedder.EclipseLogger - Copying 1 resource
2015-08-31 22:51:56,266 [Worker-10] INFO  o.e.m.c.i.embedder.EclipseLogger - Using 'UTF-8' encoding to copy filtered resources.
2015-08-31 22:51:56,266 [Worker-10] INFO  o.e.m.c.i.embedder.EclipseLogger - Copying 0 resource
2015-08-31 22:56:12,219 [Worker-17] INFO  o.e.m.c.i.embedder.EclipseLogger - Using 'UTF-8' encoding to copy filtered resources.
2015-08-31 22:56:12,219 [Worker-17] INFO  o.e.m.c.i.embedder.EclipseLogger - Copying 0 resource
2015-08-31 22:56:12,220 [Worker-17] INFO  o.e.m.c.i.embedder.EclipseLogger - Copying 1 resource
2015-08-31 22:56:12,224 [Worker-17] INFO  o.e.m.c.i.embedder.EclipseLogger - Using 'UTF-8' encoding to copy filtered resources.
2015-08-31 22:56:12,225 [Worker-17] INFO  o.e.m.c.i.embedder.EclipseLogger - Copying 0 resource
2015-08-31 22:57:31,221 [Worker-20] INFO  o.e.m.c.i.embedder.EclipseLogger - Using 'UTF-8' encoding to copy filtered resources.
2015-08-31 22:57:31,221 [Worker-20] INFO  o.e.m.c.i.embedder.EclipseLogger - Copying 0 resource
2015-08-31 22:57:31,221 [Worker-20] INFO  o.e.m.c.i.embedder.EclipseLogger - Copying 2 resources
2015-08-31 22:57:31,224 [Worker-20] INFO  o.e.m.c.i.embedder.EclipseLogger - Using 'UTF-8' encoding to copy filtered resources.
2015-08-31 22:57:31,224 [Worker-20] INFO  o.e.m.c.i.embedder.EclipseLogger - Copying 0 resource
2017-08-03 22:53:24,241 [Worker-23] INFO  o.e.m.c.i.l.LifecycleMappingFactory - Using NULL lifecycle mapping for MavenProject: com.taotao:taotao-parent:0.0.1-SNAPSHOT @ /Users/codyfjm/Documents/workspace_jee/template/taotao-parent/pom.xml.
2017-08-03 22:59:20,367 [Worker-32] INFO  o.e.m.c.i.l.LifecycleMappingFactory - Using NULL lifecycle mapping for MavenProject: com.taotao:taotao-parent:0.0.1-SNAPSHOT @ /Users/codyfjm/Documents/workspace_jee/template/taotao-parent/pom.xml.
2017-08-03 23:08:56,941 [Worker-39] INFO  o.e.m.c.i.l.LifecycleMappingFactory - Using NULL lifecycle mapping for MavenProject: com.taotao:taotao-parent:0.0.1-SNAPSHOT @ /Users/codyfjm/Documents/workspace_jee/template/taotao-parent/pom.xml.
2017-08-03 23:16:59,481 [Worker-42] INFO  o.e.m.c.i.l.LifecycleMappingFactory - Using NULL lifecycle mapping for MavenProject: com.taotao:taotao-parent:0.0.1-SNAPSHOT @ /Users/codyfjm/Documents/workspace_jee/template/taotao-parent/pom.xml.
2017-08-03 23:17:33,323 [Worker-43] INFO  o.e.m.c.i.l.LifecycleMappingFactory - Using NULL lifecycle mapping for MavenProject: com.taotao:taotao-parent:0.0.1-SNAPSHOT @ /Users/codyfjm/Documents/workspace_jee/template/taotao-parent/pom.xml.
2017-08-03 23:17:37,388 [Worker-42] INFO  o.e.m.c.i.l.LifecycleMappingFactory - Using NULL lifecycle mapping for MavenProject: com.taotao:taotao-parent:0.0.1-SNAPSHOT @ /Users/codyfjm/Documents/workspace_jee/template/taotao-parent/pom.xml.
2017-08-03 23:29:06,580 [Worker-47] INFO  o.e.m.c.i.l.LifecycleMappingFactory - Using org.eclipse.m2e.jdt.JarLifecycleMapping lifecycle mapping for MavenProject: com.taotao:taotao-common:0.0.1-SNAPSHOT @ /Users/codyfjm/Documents/workspace_jee/template/taotao-common/pom.xml.
2017-08-03 23:29:07,285 [Worker-47] INFO  o.e.m.j.i.AbstractJavaProjectConfigurator - Adding source folder /taotao-common/src/main/java
2017-08-03 23:29:07,288 [Worker-47] INFO  o.e.m.j.i.AbstractJavaProjectConfigurator - Adding resource folder /taotao-common/src/main/resources
2017-08-03 23:29:07,293 [Worker-47] INFO  o.e.m.j.i.AbstractJavaProjectConfigurator - Adding source folder /taotao-common/src/test/java
2017-08-03 23:29:07,293 [Worker-47] INFO  o.e.m.j.i.AbstractJavaProjectConfigurator - Adding resource folder /taotao-common/src/test/resources
2017-08-03 23:29:09,353 [Worker-47] INFO  o.e.m.c.i.embedder.EclipseLogger - Using 'UTF-8' encoding to copy filtered resources.
2017-08-03 23:29:09,360 [Worker-47] INFO  o.e.m.c.i.embedder.EclipseLogger - Copying 0 resource
2017-08-03 23:29:09,362 [Worker-47] INFO  o.e.m.c.i.embedder.EclipseLogger - Using 'UTF-8' encoding to copy filtered resources.
2017-08-03 23:29:09,363 [Worker-47] INFO  o.e.m.c.i.embedder.EclipseLogger - Copying 0 resource
2017-08-03 23:36:03,474 [Worker-57] INFO  o.e.m.c.i.l.LifecycleMappingFactory - Using org.eclipse.m2e.jdt.JarLifecycleMapping lifecycle mapping for MavenProject: com.taotao:taotao-common:0.0.1-SNAPSHOT @ /Users/codyfjm/Documents/workspace_jee/template/taotao-common/pom.xml.
2017-08-03 23:36:03,629 [Worker-57] WARN  o.e.m.c.i.embedder.EclipseLogger - The artifact org.apache.commons:commons-io:jar:1.3.2 has been relocated to commons-io:commons-io:jar:1.3.2
2017-08-03 23:36:03,912 [Worker-57] INFO  o.e.m.c.i.embedder.EclipseLogger - Using 'UTF-8' encoding to copy filtered resources.
2017-08-03 23:36:03,921 [Worker-57] INFO  o.e.m.c.i.embedder.EclipseLogger - Copying 0 resource
2017-08-03 23:36:03,925 [Worker-57] INFO  o.e.m.c.i.embedder.EclipseLogger - Using 'UTF-8' encoding to copy filtered resources.
2017-08-03 23:36:03,926 [Worker-57] INFO  o.e.m.c.i.embedder.EclipseLogger - Copying 0 resource
2017-08-03 23:36:05,354 [Worker-56] WARN  o.e.m.c.i.embedder.EclipseLogger - The artifact org.apache.commons:commons-io:jar:1.3.2 has been relocated to commons-io:commons-io:jar:1.3.2
2017-08-03 23:36:05,371 [Worker-56] INFO  o.e.m.c.i.embedder.EclipseLogger - Using 'UTF-8' encoding to copy filtered resources.
2017-08-03 23:36:05,374 [Worker-56] INFO  o.e.m.c.i.embedder.EclipseLogger - Copying 0 resource
2017-08-03 23:36:05,377 [Worker-56] INFO  o.e.m.c.i.embedder.EclipseLogger - Using 'UTF-8' encoding to copy filtered resources.
2017-08-03 23:36:05,377 [Worker-56] INFO  o.e.m.c.i.embedder.EclipseLogger - Copying 0 resource
2017-08-04 00:25:28,623 [Worker-4] WARN  o.e.m.c.i.embedder.EclipseLogger - The artifact org.apache.commons:commons-io:jar:1.3.2 has been relocated to commons-io:commons-io:jar:1.3.2
2017-08-04 00:25:29,470 [Worker-4] INFO  o.e.m.c.i.embedder.EclipseLogger - Using 'UTF-8' encoding to copy filtered resources.
2017-08-04 00:25:29,477 [Worker-4] INFO  o.e.m.c.i.embedder.EclipseLogger - Copying 0 resource
2017-08-04 00:25:29,481 [Worker-4] INFO  o.e.m.c.i.embedder.EclipseLogger - Using 'UTF-8' encoding to copy filtered resources.
2017-08-04 00:25:29,481 [Worker-4] INFO  o.e.m.c.i.embedder.EclipseLogger - Copying 0 resource
